<?xml version="1.0" encoding="UTF-8"?>
<testsuite name="com.aor.numbers.ListFilterTest" tests="1" skipped="0" failures="0" errors="0" timestamp="2021-11-26T17:51:59" hostname="DESKTOP-F2KKRUC" time="0.002">
  <properties/>
  <testcase name="filter()" classname="com.aor.numbers.ListFilterTest" time="0.002"/>
  <system-out><![CDATA[]]></system-out>
  <system-err><![CDATA[]]></system-err>
</testsuite>
