<?xml version="1.0" encoding="UTF-8"?>
<testsuite name="com.aor.numbers.ListAggregatorTest" tests="7" skipped="0" failures="0" errors="0" timestamp="2021-11-26T17:08:21" hostname="DESKTOP-ES1VCTT" time="0.557">
  <properties/>
  <testcase name="bug_distinct_new()" classname="com.aor.numbers.ListAggregatorTest" time="0.535"/>
  <testcase name="max_bug_7263()" classname="com.aor.numbers.ListAggregatorTest" time="0.002"/>
  <testcase name="max()" classname="com.aor.numbers.ListAggregatorTest" time="0.001"/>
  <testcase name="min()" classname="com.aor.numbers.ListAggregatorTest" time="0.002"/>
  <testcase name="sum()" classname="com.aor.numbers.ListAggregatorTest" time="0.004"/>
  <testcase name="distinct()" classname="com.aor.numbers.ListAggregatorTest" time="0.002"/>
  <testcase name="bug_distinct()" classname="com.aor.numbers.ListAggregatorTest" time="0.005"/>
  <system-out><![CDATA[]]></system-out>
  <system-err><![CDATA[]]></system-err>
</testsuite>
