<?xml version="1.0" encoding="UTF-8"?>
<testsuite name="FirstSpecification" tests="4" skipped="0" failures="0" errors="0" timestamp="2021-11-26T17:39:22" hostname="DESKTOP-F2KKRUC" time="0.355">
  <properties/>
  <testcase name="one plus one should equal two" classname="FirstSpecification" time="0.303"/>
  <testcase name="two plus two should equal four" classname="FirstSpecification" time="0.003"/>
  <testcase name="Should be able to remove from list" classname="FirstSpecification" time="0.042"/>
  <testcase name="Should get an index out of bounds when removing a nonexistent item" classname="FirstSpecification" time="0.006"/>
  <system-out><![CDATA[]]></system-out>
  <system-err><![CDATA[]]></system-err>
</testsuite>
