<?xml version="1.0" encoding="UTF-8"?>
<testsuite name="com.aor.numbers.PositiveFilterTest" tests="2" skipped="0" failures="0" errors="0" timestamp="2021-11-26T17:08:22" hostname="DESKTOP-ES1VCTT" time="0.003">
  <properties/>
  <testcase name="positiveFilter()" classname="com.aor.numbers.PositiveFilterTest" time="0.001"/>
  <testcase name="positiveFilter_02()" classname="com.aor.numbers.PositiveFilterTest" time="0.0"/>
  <system-out><![CDATA[]]></system-out>
  <system-err><![CDATA[]]></system-err>
</testsuite>
