<?xml version="1.0" encoding="UTF-8"?>
<testsuite name="com.aor.numbers.ListFilterTest" tests="1" skipped="0" failures="0" errors="0" timestamp="2021-12-02T20:01:55" hostname="DESKTOP-23EKJST" time="0.001">
  <properties/>
  <testcase name="filter()" classname="com.aor.numbers.ListFilterTest" time="0.001"/>
  <system-out><![CDATA[]]></system-out>
  <system-err><![CDATA[]]></system-err>
</testsuite>
