<?xml version="1.0" encoding="UTF-8"?>
<testsuite name="com.aor.numbers.DivisibleByFilterTest" tests="2" skipped="0" failures="0" errors="0" timestamp="2021-11-26T17:39:23" hostname="DESKTOP-F2KKRUC" time="0.024">
  <properties/>
  <testcase name="divisibleByFilter_02()" classname="com.aor.numbers.DivisibleByFilterTest" time="0.022"/>
  <testcase name="divisibleByFilter()" classname="com.aor.numbers.DivisibleByFilterTest" time="0.001"/>
  <system-out><![CDATA[]]></system-out>
  <system-err><![CDATA[]]></system-err>
</testsuite>
