<?xml version="1.0" encoding="UTF-8"?>
<testsuite name="com.aor.numbers.DivisibleByFilterTest" tests="2" skipped="0" failures="0" errors="0" timestamp="2021-11-26T17:08:21" hostname="DESKTOP-ES1VCTT" time="0.021">
  <properties/>
  <testcase name="divisibleByFilter_02()" classname="com.aor.numbers.DivisibleByFilterTest" time="0.018"/>
  <testcase name="divisibleByFilter()" classname="com.aor.numbers.DivisibleByFilterTest" time="0.002"/>
  <system-out><![CDATA[]]></system-out>
  <system-err><![CDATA[]]></system-err>
</testsuite>
