<?xml version="1.0" encoding="UTF-8"?>
<testsuite name="com.aor.numbers.ListAggregatorTest" tests="6" skipped="0" failures="0" errors="0" timestamp="2021-11-26T17:06:42" hostname="DESKTOP-F2KKRUC" time="0.164">
  <properties/>
  <testcase name="max_bug_8726()" classname="com.aor.numbers.ListAggregatorTest" time="0.154"/>
  <testcase name="max()" classname="com.aor.numbers.ListAggregatorTest" time="0.0"/>
  <testcase name="min()" classname="com.aor.numbers.ListAggregatorTest" time="0.0"/>
  <testcase name="sum()" classname="com.aor.numbers.ListAggregatorTest" time="0.001"/>
  <testcase name="distinct()" classname="com.aor.numbers.ListAggregatorTest" time="0.004"/>
  <testcase name="Bug_report_7263()" classname="com.aor.numbers.ListAggregatorTest" time="0.001"/>
  <system-out><![CDATA[]]></system-out>
  <system-err><![CDATA[]]></system-err>
</testsuite>
